# JRE version: OpenJDK Runtime Environment Temurin-21.0.7+6 (21.0.7+6) (build 21.0.7+6-LTS)
# Java VM: OpenJDK 64-Bit Server VM Temurin-21.0.7+6 (21.0.7+6-LTS, mixed mode, emulated-client, sharing, tiered, compressed oops, compressed class ptrs, g1 gc, linux-amd64)
GC Precious Log:
 CardTable entry size: 512
 Card Set container configuration: InlinePtr #cards 4 size 8 Array Of Cards #cards 64 size 144 Howl #buckets 8 coarsen threshold 14745 Howl Bitmap #cards 2048 size 272 coarsen threshold 1843 Card regions per heap region 1 cards per card region 16384
 CPUs: 4 total, 4 available
 Memory: 51027M
 Large Page Support: Disabled
 NUMA Support: Disabled
 Compressed Oops: Enabled (Zero based)
 Heap Region Size: 8M
 Heap Min Capacity: 8M
 Heap Initial Capacity: 800M
 Heap Max Capacity: 12760M
 Pre-touch: Disabled
 Parallel Workers: 4
 Concurrent Workers: 1
 Concurrent Refinement Workers: 4
 Periodic GC: Disabled
Heap:
 garbage-first heap   total 139264K, used 121356K [0x00000004e2800000, 0x0000000800000000)
  region size 8192K, 12 young (98304K), 2 survivors (16384K)
 Metaspace       used 87264K, committed 88128K, reserved 1179648K
  class space    used 11910K, committed 12352K, reserved 1048576K
GC Heap History (20 events):
Event: 44.596 GC heap after
{Heap after GC invocations=26 (full 0):
 garbage-first heap   total 163840K, used 44195K [0x00000004e2800000, 0x0000000800000000)
  region size 8192K, 1 young (8192K), 1 survivors (8192K)
 Metaspace       used 85940K, committed 86720K, reserved 1179648K
  class space    used 11817K, committed 12160K, reserved 1048576K
}
Event: 50.866 GC heap before
{Heap before GC invocations=26 (full 0):
 garbage-first heap   total 163840K, used 134307K [0x00000004e2800000, 0x0000000800000000)
  region size 8192K, 12 young (98304K), 1 survivors (8192K)
 Metaspace       used 85940K, committed 86720K, reserved 1179648K
  class space    used 11817K, committed 12160K, reserved 1048576K
}
Event: 50.876 GC heap after
{Heap after GC invocations=27 (full 0):
 garbage-first heap   total 163840K, used 47004K [0x00000004e2800000, 0x0000000800000000)
  region size 8192K, 2 young (16384K), 2 survivors (16384K)
 Metaspace       used 85940K, committed 86720K, reserved 1179648K
  class space    used 11817K, committed 12160K, reserved 1048576K
}
Event: 193.810 GC heap before
{Heap before GC invocations=27 (full 0):
 garbage-first heap   total 163840K, used 120732K [0x00000004e2800000, 0x0000000800000000)
  region size 8192K, 12 young (98304K), 2 survivors (16384K)
 Metaspace       used 86169K, committed 87040K, reserved 1179648K
  class space    used 11861K, committed 12224K, reserved 1048576K
}
Event: 193.915 GC heap after
{Heap after GC invocations=28 (full 1):
 garbage-first heap   total 139264K, used 35867K [0x00000004e2800000, 0x0000000800000000)
  region size 8192K, 0 young (0K), 0 survivors (0K)
 Metaspace       used 86169K, committed 87040K, reserved 1179648K
  class space    used 11861K, committed 12224K, reserved 1048576K
}
Event: 195.035 GC heap before
{Heap before GC invocations=28 (full 1):
 garbage-first heap   total 139264K, used 109595K [0x00000004e2800000, 0x0000000800000000)
  region size 8192K, 10 young (81920K), 0 survivors (0K)
 Metaspace       used 86772K, committed 87680K, reserved 1179648K
  class space    used 11915K, committed 12352K, reserved 1048576K
}
Event: 195.044 GC heap after
{Heap after GC invocations=29 (full 1):
 garbage-first heap   total 139264K, used 42933K [0x00000004e2800000, 0x0000000800000000)
  region size 8192K, 1 young (8192K), 1 survivors (8192K)
 Metaspace       used 86772K, committed 87680K, reserved 1179648K
  class space    used 11915K, committed 12352K, reserved 1048576K
}
Event: 212.858 GC heap before
{Heap before GC invocations=30 (full 1):
 garbage-first heap   total 139264K, used 116661K [0x00000004e2800000, 0x0000000800000000)
  region size 8192K, 10 young (81920K), 1 survivors (8192K)
 Metaspace       used 86647K, committed 87808K, reserved 1179648K
  class space    used 11849K, committed 12352K, reserved 1048576K
}
Event: 212.869 GC heap after
{Heap after GC invocations=31 (full 1):
 garbage-first heap   total 139264K, used 47236K [0x00000004e2800000, 0x0000000800000000)
  region size 8192K, 2 young (16384K), 2 survivors (16384K)
 Metaspace       used 86647K, committed 87808K, reserved 1179648K
  class space    used 11849K, committed 12352K, reserved 1048576K
}
Event: 216.641 GC heap before
{Heap before GC invocations=31 (full 1):
 garbage-first heap   total 139264K, used 104580K [0x00000004e2800000, 0x0000000800000000)
  region size 8192K, 9 young (73728K), 2 survivors (16384K)
 Metaspace       used 86647K, committed 87808K, reserved 1179648K
  class space    used 11849K, committed 12352K, reserved 1048576K
}
Event: 216.654 GC heap after
{Heap after GC invocations=32 (full 1):
 garbage-first heap   total 139264K, used 48050K [0x00000004e2800000, 0x0000000800000000)
  region size 8192K, 1 young (8192K), 1 survivors (8192K)
 Metaspace       used 86647K, committed 87808K, reserved 1179648K
  class space    used 11849K, committed 12352K, reserved 1048576K
}
Event: 229.237 GC heap before
{Heap before GC invocations=32 (full 1):
 garbage-first heap   total 139264K, used 113586K [0x00000004e2800000, 0x0000000800000000)
  region size 8192K, 9 young (73728K), 1 survivors (8192K)
 Metaspace       used 86647K, committed 87808K, reserved 1179648K
  class space    used 11849K, committed 12352K, reserved 1048576K
}
Event: 229.244 GC heap after
{Heap after GC invocations=33 (full 1):
 garbage-first heap   total 139264K, used 46646K [0x00000004e2800000, 0x0000000800000000)
  region size 8192K, 1 young (8192K), 1 survivors (8192K)
 Metaspace       used 86647K, committed 87808K, reserved 1179648K
  class space    used 11849K, committed 12352K, reserved 1048576K
}
Event: 234.370 GC heap before
{Heap before GC invocations=34 (full 1):
 garbage-first heap   total 139264K, used 112182K [0x00000004e2800000, 0x0000000800000000)
  region size 8192K, 9 young (73728K), 1 survivors (8192K)
 Metaspace       used 86643K, committed 87808K, reserved 1179648K
  class space    used 11849K, committed 12352K, reserved 1048576K
}
Event: 234.379 GC heap after
{Heap after GC invocations=35 (full 1):
 garbage-first heap   total 139264K, used 48688K [0x00000004e2800000, 0x0000000800000000)
  region size 8192K, 1 young (8192K), 1 survivors (8192K)
 Metaspace       used 86643K, committed 87808K, reserved 1179648K
  class space    used 11849K, committed 12352K, reserved 1048576K
}
Event: 238.844 GC heap before
{Heap before GC invocations=35 (full 1):
 garbage-first heap   total 139264K, used 114224K [0x00000004e2800000, 0x0000000800000000)
  region size 8192K, 9 young (73728K), 1 survivors (8192K)
 Metaspace       used 86643K, committed 87808K, reserved 1179648K
  class space    used 11849K, committed 12352K, reserved 1048576K
}
Event: 238.856 GC heap after
{Heap after GC invocations=36 (full 1):
 garbage-first heap   total 139264K, used 51231K [0x00000004e2800000, 0x0000000800000000)
  region size 8192K, 2 young (16384K), 2 survivors (16384K)
 Metaspace       used 86643K, committed 87808K, reserved 1179648K
  class space    used 11849K, committed 12352K, reserved 1048576K
}
Event: 283.015 GC heap before
{Heap before GC invocations=36 (full 1):
 garbage-first heap   total 139264K, used 100383K [0x00000004e2800000, 0x0000000800000000)
  region size 8192K, 9 young (73728K), 2 survivors (16384K)
 Metaspace       used 86663K, committed 87808K, reserved 1179648K
  class space    used 11852K, committed 12352K, reserved 1048576K
}
Event: 283.232 GC heap after
{Heap after GC invocations=37 (full 2):
 garbage-first heap   total 139264K, used 39436K [0x00000004e2800000, 0x0000000800000000)
  region size 8192K, 0 young (0K), 0 survivors (0K)
 Metaspace       used 86663K, committed 87808K, reserved 1179648K
  class space    used 11852K, committed 12352K, reserved 1048576K
}
Event: 298.737 GC heap before
{Heap before GC invocations=37 (full 2):
 garbage-first heap   total 139264K, used 121356K [0x00000004e2800000, 0x0000000800000000)
  region size 8192K, 10 young (81920K), 0 survivors (0K)
 Metaspace       used 87264K, committed 88128K, reserved 1179648K
  class space    used 11910K, committed 12352K, reserved 1048576K
}

